Arguments: 
  /usr/local/bin/node /Users/igorsamarcev/.yarn/bin/yarn.js

PATH: 
  /Users/igorsamarcev/.yarn/bin:/Users/igorsamarcev/.config/yarn/global/node_modules/.bin:/usr/local/bin:/usr/bin:/bin:/usr/sbin:/sbin:/usr/local/MacGPG2/bin:/Library/Apple/usr/bin:/Users/igorsamarcev/Desktop/dektry/node_modules/.bin

Yarn version: 
  1.22.5

Node version: 
  14.18.1

Platform: 
  darwin x64

Trace: 
  SyntaxError: /Users/igorsamarcev/Desktop/dektry/package.json: Unexpected token } in JSON at position 317
      at JSON.parse (<anonymous>)
      at /Users/igorsamarcev/.yarn/lib/cli.js:1625:59
      at Generator.next (<anonymous>)
      at step (/Users/igorsamarcev/.yarn/lib/cli.js:310:30)
      at /Users/igorsamarcev/.yarn/lib/cli.js:321:13

npm manifest: 
  {
    "name": "dektry",
    "version": "1.0.0",
    "description": "",
    "main": "index.js",
    "scripts": {
      "test": "echo \"Error: no test specified\" && exit 1"
    },
    "dependencies": {
      "cookie-parser": "^1.4.5",
      "cors": "^2.8.5",
      "dotenv": "^8.2.0",
      "express": "^4.17.1",
      "mongoose": "^5.12.3",
    },
    "author": "",
    "license": "ISC"
  }

yarn manifest: 
  No manifest

Lockfile: 
  No lockfile
